<?xml version="1.0" encoding="UTF-8"?>
<!-- Generated by org.testng.reporters.JUnitReportReporter -->
<testsuite skipped="0" hostname="DESKTOP-F7GIGAG" name="com.leafBot.testcases.TC008_TestLogin" tests="1" failures="0" timestamp="08 Feb 2020 09:23:22 GMT" time="21.161" errors="0">
  <testcase name="makeLogin" time="21.161" classname="com.leafBot.testcases.TC008_TestLogin"/>
</testsuite> <!-- com.leafBot.testcases.TC008_TestLogin -->
